apilog: 2022/08/22 00:52:59 deviceservice.go:68: >> [deviceService][GetSignatureDeviceInfo][Received]
apilog: 2022/08/22 00:53:29 deviceservice.go:68: >> [deviceService][GetSignatureDeviceInfo][Received]
apilog: 2022/08/22 00:54:58 deviceservice.go:68: >> [deviceService][GetSignatureDeviceInfo][Received]
apilog: 2022/08/22 00:55:35 deviceservice.go:68: >> [deviceService][GetSignatureDeviceInfo][Received]
apilog: 2022/08/22 00:56:17 deviceservice.go:68: >> [deviceService][GetSignatureDeviceInfo][Received]
apilog: 2022/08/22 00:56:38 deviceservice.go:68: >> [deviceService][GetSignatureDeviceInfo][Received]
apilog: 2022/08/22 00:59:13 deviceservice.go:68: >> [deviceService][GetSignatureDeviceInfo][Received]
apilog: 2022/08/22 00:59:18 deviceservice.go:40: >> [deviceService][CreateSignatureDeviceResponse][Received]
apilog: 2022/08/22 01:37:02 deviceservice.go:68: >> [deviceService][GetSignatureDeviceInfo][Received]
apilog: 2022/08/22 01:37:05 deviceservice.go:40: >> [deviceService][CreateSignatureDeviceResponse][Received]
apilog: 2022/08/22 01:37:10 deviceservice.go:68: >> [deviceService][GetSignatureDeviceInfo][Received]
apilog: 2022/08/22 01:38:58 deviceservice.go:68: >> [deviceService][GetSignatureDeviceInfo][Received]
apilog: 2022/08/22 01:39:35 deviceservice.go:68: >> [deviceService][GetSignatureDeviceInfo][Received]
apilog: 2022/08/22 01:40:04 deviceservice.go:68: >> [deviceService][GetSignatureDeviceInfo][Received]
apilog: 2022/08/22 01:41:11 deviceservice.go:68: >> [deviceService][GetSignatureDeviceInfo][Received]
apilog: 2022/08/22 01:42:12 deviceservice.go:68: >> [deviceService][GetSignatureDeviceInfo][Received]
apilog: 2022/08/22 01:42:21 deviceservice.go:40: >> [deviceService][CreateSignatureDeviceResponse][Received]
apilog: 2022/08/22 01:42:25 deviceservice.go:68: >> [deviceService][GetSignatureDeviceInfo][Received]
apilog: 2022/08/22 01:42:33 deviceservice.go:68: >> [deviceService][GetSignatureDeviceInfo][Received]
apilog: 2022/08/22 01:42:44 deviceservice.go:96: >> [deviceService][GetSignatureCounter][Received]
apilog: 2022/08/22 01:42:56 deviceservice.go:81: >> [deviceService][GetSaveLastSignatureBase64][Received]
apilog: 2022/08/22 01:43:19 deviceservice.go:89: >> [deviceService][SaveSignatureCounter][Received]
apilog: 2022/08/22 01:43:40 deviceservice.go:75: >> [deviceService][SaveLastSignatureBase64][Received]
apilog: 2022/08/22 01:44:00 deviceservice.go:68: >> [deviceService][GetSignatureDeviceInfo][Received]
apilog: 2022/08/22 01:44:18 deviceservice.go:96: >> [deviceService][GetSignatureCounter][Received]
apilog: 2022/08/22 01:44:37 deviceservice.go:81: >> [deviceService][GetSaveLastSignatureBase64][Received]
apilog: 2022/08/22 01:44:55 deviceservice.go:89: >> [deviceService][SaveSignatureCounter][Received]
apilog: 2022/08/22 01:45:14 deviceservice.go:75: >> [deviceService][SaveLastSignatureBase64][Received]
apilog: 2022/08/22 01:47:16 deviceservice.go:68: >> [deviceService][GetSignatureDeviceInfo][Received]
apilog: 2022/08/22 01:47:19 deviceservice.go:40: >> [deviceService][CreateSignatureDeviceResponse][Received]
apilog: 2022/08/22 01:47:23 deviceservice.go:68: >> [deviceService][GetSignatureDeviceInfo][Received]
apilog: 2022/08/22 01:47:27 deviceservice.go:96: >> [deviceService][GetSignatureCounter][Received]
apilog: 2022/08/22 01:47:27 deviceservice.go:81: >> [deviceService][GetSaveLastSignatureBase64][Received]
apilog: 2022/08/22 01:47:27 deviceservice.go:89: >> [deviceService][SaveSignatureCounter][Received]
apilog: 2022/08/22 01:47:29 deviceservice.go:75: >> [deviceService][SaveLastSignatureBase64][Received]
apilog: 2022/08/22 01:47:48 deviceservice.go:68: >> [deviceService][GetSignatureDeviceInfo][Received]
apilog: 2022/08/22 01:47:58 deviceservice.go:96: >> [deviceService][GetSignatureCounter][Received]
apilog: 2022/08/22 01:48:05 deviceservice.go:81: >> [deviceService][GetSaveLastSignatureBase64][Received]
apilog: 2022/08/22 01:48:17 deviceservice.go:89: >> [deviceService][SaveSignatureCounter][Received]
apilog: 2022/08/22 01:48:24 deviceservice.go:75: >> [deviceService][SaveLastSignatureBase64][Received]
